2017-11-29 10:28:59 [scrapy.utils.log] INFO: Scrapy 1.4.0 started (bot: maxlead_scrapy)
2017-11-29 10:28:59 [scrapy.utils.log] INFO: Overridden settings: {'SPIDER_MODULES': ['maxlead_scrapy.spiders'], 'DOWNLOAD_DELAY': 0.5, 'DOWNLOAD_TIMEOUT': 100, 'BOT_NAME': 'maxlead_scrapy', 'CONCURRENT_REQUESTS_PER_IP': 1, 'NEWSPIDER_MODULE': 'maxlead_scrapy.spiders', 'ROBOTSTXT_OBEY': True, 'LOG_FILE': 'logs\\maxlead_scrapy\\review_spider\\0d09ab4cd4ad11e786b2f67195108f19.log'}
2017-11-29 10:28:59 [scrapy.middleware] INFO: Enabled extensions:
['scrapy.extensions.telnet.TelnetConsole',
 'scrapy.extensions.logstats.LogStats',
 'scrapy.extensions.corestats.CoreStats']
2017-11-29 10:28:59 [scrapy.middleware] INFO: Enabled downloader middlewares:
['scrapy.downloadermiddlewares.robotstxt.RobotsTxtMiddleware',
 'scrapy.downloadermiddlewares.httpauth.HttpAuthMiddleware',
 'scrapy.downloadermiddlewares.downloadtimeout.DownloadTimeoutMiddleware',
 'scrapy.downloadermiddlewares.defaultheaders.DefaultHeadersMiddleware',
 'scrapy.downloadermiddlewares.useragent.UserAgentMiddleware',
 'scrapy.downloadermiddlewares.retry.RetryMiddleware',
 'scrapy.downloadermiddlewares.redirect.MetaRefreshMiddleware',
 'scrapy.downloadermiddlewares.httpcompression.HttpCompressionMiddleware',
 'scrapy.downloadermiddlewares.redirect.RedirectMiddleware',
 'scrapy.downloadermiddlewares.cookies.CookiesMiddleware',
 'scrapy.downloadermiddlewares.httpproxy.HttpProxyMiddleware',
 'scrapy.downloadermiddlewares.stats.DownloaderStats']
2017-11-29 10:28:59 [scrapy.middleware] INFO: Enabled spider middlewares:
['scrapy.spidermiddlewares.httperror.HttpErrorMiddleware',
 'scrapy.spidermiddlewares.offsite.OffsiteMiddleware',
 'scrapy.spidermiddlewares.referer.RefererMiddleware',
 'scrapy.spidermiddlewares.urllength.UrlLengthMiddleware',
 'scrapy.spidermiddlewares.depth.DepthMiddleware']
2017-11-29 10:28:59 [scrapy.middleware] INFO: Enabled item pipelines:
['maxlead_scrapy.pipelines.MaxleadScrapyPipeline']
2017-11-29 10:28:59 [scrapy.core.engine] INFO: Spider opened
2017-11-29 10:28:59 [scrapy.extensions.logstats] INFO: Crawled 0 pages (at 0 pages/min), scraped 0 items (at 0 items/min)
2017-11-29 10:28:59 [scrapy.extensions.telnet] DEBUG: Telnet console listening on 127.0.0.1:6023
2017-11-29 10:29:01 [scrapy.core.engine] DEBUG: Crawled (200) <GET https://www.amazon.com/robots.txt> (referer: None)
2017-11-29 10:29:01 [scrapy.downloadermiddlewares.retry] DEBUG: Retrying <GET https://www.amazon.com/product-reviews/B01LZ6F4HN/ref=cm_cr_dp_d_show_all_top?ie=UTF8&reviewerType=all_reviews> (failed 1 times): 503 Service Unavailable
2017-11-29 10:29:01 [scrapy.downloadermiddlewares.retry] DEBUG: Retrying <GET https://www.amazon.com/product-reviews/B00UA3MJL0/ref=cm_cr_dp_d_show_all_top?ie=UTF8&reviewerType=all_reviews> (failed 1 times): 503 Service Unavailable
2017-11-29 10:29:02 [scrapy.downloadermiddlewares.retry] DEBUG: Retrying <GET https://www.amazon.com/product-reviews/B01LZ6F4HN/ref=cm_cr_dp_d_show_all_top?ie=UTF8&reviewerType=all_reviews> (failed 2 times): 503 Service Unavailable
2017-11-29 10:29:03 [scrapy.downloadermiddlewares.retry] DEBUG: Retrying <GET https://www.amazon.com/product-reviews/B00UA3MJL0/ref=cm_cr_dp_d_show_all_top?ie=UTF8&reviewerType=all_reviews> (failed 2 times): 503 Service Unavailable
2017-11-29 10:29:03 [scrapy.downloadermiddlewares.retry] DEBUG: Gave up retrying <GET https://www.amazon.com/product-reviews/B01LZ6F4HN/ref=cm_cr_dp_d_show_all_top?ie=UTF8&reviewerType=all_reviews> (failed 3 times): 503 Service Unavailable
2017-11-29 10:29:03 [scrapy.core.engine] DEBUG: Crawled (503) <GET https://www.amazon.com/product-reviews/B01LZ6F4HN/ref=cm_cr_dp_d_show_all_top?ie=UTF8&reviewerType=all_reviews> (referer: None)
2017-11-29 10:29:03 [scrapy.spidermiddlewares.httperror] INFO: Ignoring response <503 https://www.amazon.com/product-reviews/B01LZ6F4HN/ref=cm_cr_dp_d_show_all_top?ie=UTF8&reviewerType=all_reviews>: HTTP status code is not handled or not allowed
2017-11-29 10:29:04 [scrapy.downloadermiddlewares.retry] DEBUG: Gave up retrying <GET https://www.amazon.com/product-reviews/B00UA3MJL0/ref=cm_cr_dp_d_show_all_top?ie=UTF8&reviewerType=all_reviews> (failed 3 times): 503 Service Unavailable
2017-11-29 10:29:04 [scrapy.core.engine] DEBUG: Crawled (503) <GET https://www.amazon.com/product-reviews/B00UA3MJL0/ref=cm_cr_dp_d_show_all_top?ie=UTF8&reviewerType=all_reviews> (referer: None)
2017-11-29 10:29:04 [scrapy.spidermiddlewares.httperror] INFO: Ignoring response <503 https://www.amazon.com/product-reviews/B00UA3MJL0/ref=cm_cr_dp_d_show_all_top?ie=UTF8&reviewerType=all_reviews>: HTTP status code is not handled or not allowed
2017-11-29 10:29:04 [scrapy.core.engine] INFO: Closing spider (finished)
2017-11-29 10:29:04 [scrapy.statscollectors] INFO: Dumping Scrapy stats:
{'downloader/request_bytes': 2016,
 'downloader/request_count': 7,
 'downloader/request_method_count/GET': 7,
 'downloader/response_bytes': 15873,
 'downloader/response_count': 7,
 'downloader/response_status_count/200': 1,
 'downloader/response_status_count/503': 6,
 'finish_reason': 'finished',
 'finish_time': datetime.datetime(2017, 11, 29, 2, 29, 4, 584566),
 'httperror/response_ignored_count': 2,
 'httperror/response_ignored_status_count/503': 2,
 'log_count/DEBUG': 10,
 'log_count/INFO': 9,
 'response_received_count': 3,
 'retry/count': 4,
 'retry/max_reached': 2,
 'retry/reason_count/503 Service Unavailable': 4,
 'scheduler/dequeued': 6,
 'scheduler/dequeued/memory': 6,
 'scheduler/enqueued': 6,
 'scheduler/enqueued/memory': 6,
 'start_time': datetime.datetime(2017, 11, 29, 2, 28, 59, 422490)}
2017-11-29 10:29:04 [scrapy.core.engine] INFO: Spider closed (finished)
